<?xml version="1.0" encoding="UTF-8"?>
<testsuite xmlns:xsi="http://www.w3.org/2001/XMLSchema-instance" xsi:noNamespaceSchemaLocation="https://maven.apache.org/surefire/maven-surefire-plugin/xsd/surefire-test-report-3.0.xsd" version="3.0" name="com.sqlmaestro.sqlmaestro.SqlmaestroApplicationTests" time="10.96" tests="1" errors="0" skipped="0" failures="0">
  <properties>
[...]
</properties>
  <testcase name="contextLoads" classname="com.sqlmaestro.sqlmaestro.SqlmaestroApplicationTests" time="1.465">
    <system-out><![CDATA[14:07:56.514 [main] INFO org.springframework.test.context.support.AnnotationConfigContextLoaderUtils -- Could not detect default configuration classes for test class [com.sqlmaestro.sqlmaestro.SqlmaestroApplicationTests]: SqlmaestroApplicationTests does not declare any static, non-private, non-final, nested classes annotated with @Configuration.
14:07:56.847 [main] INFO org.springframework.boot.test.context.SpringBootTestContextBootstrapper -- Found @SpringBootConfiguration com.sqlmaestro.sqlmaestro.SqlmaestroApplication for test class com.sqlmaestro.sqlmaestro.SqlmaestroApplicationTests
14:07:57.439 [main] INFO org.springframework.boot.devtools.restart.RestartApplicationListener -- Restart disabled due to context in which it is running

  .   ____          _            __ _ _
 /\\ / ___'_ __ _ _(_)_ __  __ _ \ \ \ \
( ( )\___ | '_ | '_| | '_ \/ _` | \ \ \ \
 \\/  ___)| |_)| | | | | || (_| |  ) ) ) )
  '  |____| .__|_| |_|_| |_\__, | / / / /
 =========|_|==============|___/=/_/_/_/
 :: Spring Boot ::                (v3.1.5)

2023-11-24T14:07:58.364+05:30  INFO 10920 --- [           main] c.s.s.SqlmaestroApplicationTests         : Starting SqlmaestroApplicationTests using Java 17.0.9 with PID 10920 (started by varun in C:\Users\varun\Desktop\SpringBootProject\sqlmaestro)
2023-11-24T14:07:58.370+05:30  INFO 10920 --- [           main] c.s.s.SqlmaestroApplicationTests         : No active profile set, falling back to 1 default profile: "default"
2023-11-24T14:08:00.218+05:30  INFO 10920 --- [           main] .s.d.r.c.RepositoryConfigurationDelegate : Bootstrapping Spring Data JPA repositories in DEFAULT mode.
2023-11-24T14:08:00.284+05:30  INFO 10920 --- [           main] .s.d.r.c.RepositoryConfigurationDelegate : Finished Spring Data repository scanning in 38 ms. Found 0 JPA repository interfaces.
2023-11-24T14:08:01.163+05:30  INFO 10920 --- [           main] com.zaxxer.hikari.HikariDataSource       : HikariPool-1 - Starting...
2023-11-24T14:08:01.883+05:30  INFO 10920 --- [           main] com.zaxxer.hikari.pool.HikariPool        : HikariPool-1 - Added connection conn0: url=jdbc:h2:mem:SQLMaestro user=SA
2023-11-24T14:08:01.889+05:30  INFO 10920 --- [           main] com.zaxxer.hikari.HikariDataSource       : HikariPool-1 - Start completed.
2023-11-24T14:08:02.258+05:30  INFO 10920 --- [           main] o.hibernate.jpa.internal.util.LogHelper  : HHH000204: Processing PersistenceUnitInfo [name: default]
2023-11-24T14:08:02.449+05:30  INFO 10920 --- [           main] org.hibernate.Version                    : HHH000412: Hibernate ORM core version 6.2.13.Final
2023-11-24T14:08:02.453+05:30  INFO 10920 --- [           main] org.hibernate.cfg.Environment            : HHH000406: Using bytecode reflection optimizer
2023-11-24T14:08:03.283+05:30  INFO 10920 --- [           main] o.s.o.j.p.SpringPersistenceUnitInfo      : No LoadTimeWeaver setup: ignoring JPA class transformer
2023-11-24T14:08:03.389+05:30  WARN 10920 --- [           main] org.hibernate.orm.deprecation            : HHH90000025: H2Dialect does not need to be specified explicitly using 'hibernate.dialect' (remove the property setting and it will be selected by default)
2023-11-24T14:08:04.175+05:30  INFO 10920 --- [           main] o.h.e.t.j.p.i.JtaPlatformInitiator       : HHH000489: No JTA platform available (set 'hibernate.transaction.jta.platform' to enable JTA platform integration)
2023-11-24T14:08:04.188+05:30  INFO 10920 --- [           main] j.LocalContainerEntityManagerFactoryBean : Initialized JPA EntityManagerFactory for persistence unit 'default'
2023-11-24T14:08:04.590+05:30  WARN 10920 --- [           main] JpaBaseConfiguration$JpaWebConfiguration : spring.jpa.open-in-view is enabled by default. Therefore, database queries may be performed during view rendering. Explicitly configure spring.jpa.open-in-view to disable this warning
2023-11-24T14:08:05.371+05:30  INFO 10920 --- [           main] o.s.b.a.h2.H2ConsoleAutoConfiguration    : H2 console available at '/h2-console'. Database available at 'jdbc:h2:mem:SQLMaestro'
2023-11-24T14:08:05.462+05:30  INFO 10920 --- [           main] c.s.s.SqlmaestroApplicationTests         : Started SqlmaestroApplicationTests in 8.059 seconds (process running for 10.607)
]]></system-out>
  </testcase>
</testsuite>